<?xml version="1.0" encoding="UTF-8"?>
<testsuite name="com.cyamsys.beaver.ProtocolTest" tests="7" skipped="0" failures="0" errors="0" timestamp="2026-09-23T11:56:38.821Z" hostname="MSI" time="0.013">
  <properties/>
  <testcase name="flagsPreserveFaults" classname="com.cyamsys.beaver.ProtocolTest" time="0.001"/>
  <testcase name="roleAndIdMustChangeTogether" classname="com.cyamsys.beaver.ProtocolTest" time="0.004"/>
  <testcase name="targetCannotBeSelf" classname="com.cyamsys.beaver.ProtocolTest" time="0.001"/>
  <testcase name="rejectsWrongTypesAndRanges" classname="com.cyamsys.beaver.ProtocolTest" time="0.002"/>
  <testcase name="defaultsAndNegativePower" classname="com.cyamsys.beaver.ProtocolTest" time="0.001"/>
  <testcase name="timeoutConstraint" classname="com.cyamsys.beaver.ProtocolTest" time="0.001"/>
  <testcase name="idsNeverUseFloatingPoint" classname="com.cyamsys.beaver.ProtocolTest" time="0.002"/>
  <system-out><![CDATA[]]></system-out>
  <system-err><![CDATA[]]></system-err>
</testsuite>
